# JRE version: Java(TM) SE Runtime Environment (17.0.2+8) (build 17.0.2+8-LTS-86)
# Java VM: Java HotSpot(TM) 64-Bit Server VM (17.0.2+8-LTS-86, mixed mode, sharing, tiered, compressed oops, compressed class ptrs, g1 gc, windows-amd64)
GC Precious Log:
 CPUs: 4 total, 4 available
 Memory: 8071M
 Large Page Support: Disabled
 NUMA Support: Disabled
 Compressed Oops: Enabled (32-bit)
 Heap Region Size: 1M
 Heap Min Capacity: 8M
 Heap Initial Capacity: 128M
 Heap Max Capacity: 2018M
 Pre-touch: Disabled
 Parallel Workers: 4
 Concurrent Workers: 1
 Concurrent Refinement Workers: 4
 Periodic GC: Disabled
Heap:
 garbage-first heap   total 181248K, used 92023K [0x0000000081e00000, 0x0000000100000000)
  region size 1024K, 22 young (22528K), 2 survivors (2048K)
 Metaspace       used 98847K, committed 99392K, reserved 1138688K
  class space    used 12584K, committed 12864K, reserved 1048576K
GC Heap History (20 events):
Event: 32.754 GC heap before
{Heap before GC invocations=44 (full 0):
 garbage-first heap   total 103424K, used 65213K [0x0000000081e00000, 0x0000000100000000)
  region size 1024K, 5 young (5120K), 4 survivors (4096K)
 Metaspace       used 82277K, committed 82752K, reserved 1122304K
  class space    used 10683K, committed 10880K, reserved 1048576K
}
Event: 32.760 GC heap after
{Heap after GC invocations=45 (full 0):
 garbage-first heap   total 103424K, used 65234K [0x0000000081e00000, 0x0000000100000000)
  region size 1024K, 1 young (1024K), 1 survivors (1024K)
 Metaspace       used 82277K, committed 82752K, reserved 1122304K
  class space    used 10683K, committed 10880K, reserved 1048576K
}
Event: 32.770 GC heap before
{Heap before GC invocations=45 (full 0):
 garbage-first heap   total 103424K, used 74450K [0x0000000081e00000, 0x0000000100000000)
  region size 1024K, 2 young (2048K), 1 survivors (1024K)
 Metaspace       used 82277K, committed 82752K, reserved 1122304K
  class space    used 10683K, committed 10880K, reserved 1048576K
}
Event: 32.772 GC heap after
{Heap after GC invocations=46 (full 0):
 garbage-first heap   total 103424K, used 74387K [0x0000000081e00000, 0x0000000100000000)
  region size 1024K, 1 young (1024K), 1 survivors (1024K)
 Metaspace       used 82277K, committed 82752K, reserved 1122304K
  class space    used 10683K, committed 10880K, reserved 1048576K
}
Event: 33.666 GC heap before
{Heap before GC invocations=47 (full 0):
 garbage-first heap   total 147456K, used 95891K [0x0000000081e00000, 0x0000000100000000)
  region size 1024K, 11 young (11264K), 1 survivors (1024K)
 Metaspace       used 82386K, committed 82880K, reserved 1122304K
  class space    used 10696K, committed 10880K, reserved 1048576K
}
Event: 33.669 GC heap after
{Heap after GC invocations=48 (full 0):
 garbage-first heap   total 147456K, used 86300K [0x0000000081e00000, 0x0000000100000000)
  region size 1024K, 1 young (1024K), 1 survivors (1024K)
 Metaspace       used 82386K, committed 82880K, reserved 1122304K
  class space    used 10696K, committed 10880K, reserved 1048576K
}
Event: 35.675 GC heap before
{Heap before GC invocations=48 (full 0):
 garbage-first heap   total 147456K, used 125212K [0x0000000081e00000, 0x0000000100000000)
  region size 1024K, 39 young (39936K), 1 survivors (1024K)
 Metaspace       used 84120K, committed 84544K, reserved 1130496K
  class space    used 10884K, committed 11072K, reserved 1048576K
}
Event: 35.684 GC heap after
{Heap after GC invocations=49 (full 0):
 garbage-first heap   total 147456K, used 88633K [0x0000000081e00000, 0x0000000100000000)
  region size 1024K, 3 young (3072K), 3 survivors (3072K)
 Metaspace       used 84120K, committed 84544K, reserved 1130496K
  class space    used 10884K, committed 11072K, reserved 1048576K
}
Event: 37.900 GC heap before
{Heap before GC invocations=50 (full 0):
 garbage-first heap   total 150528K, used 125497K [0x0000000081e00000, 0x0000000100000000)
  region size 1024K, 39 young (39936K), 3 survivors (3072K)
 Metaspace       used 85857K, committed 86336K, reserved 1130496K
  class space    used 11076K, committed 11328K, reserved 1048576K
}
Event: 37.910 GC heap after
{Heap after GC invocations=51 (full 0):
 garbage-first heap   total 150528K, used 70068K [0x0000000081e00000, 0x0000000100000000)
  region size 1024K, 5 young (5120K), 5 survivors (5120K)
 Metaspace       used 85857K, committed 86336K, reserved 1130496K
  class space    used 11076K, committed 11328K, reserved 1048576K
}
Event: 38.038 GC heap before
{Heap before GC invocations=51 (full 0):
 garbage-first heap   total 150528K, used 72116K [0x0000000081e00000, 0x0000000100000000)
  region size 1024K, 7 young (7168K), 5 survivors (5120K)
 Metaspace       used 85871K, committed 86336K, reserved 1130496K
  class space    used 11079K, committed 11328K, reserved 1048576K
}
Event: 38.047 GC heap after
{Heap after GC invocations=52 (full 0):
 garbage-first heap   total 150528K, used 69966K [0x0000000081e00000, 0x0000000100000000)
  region size 1024K, 1 young (1024K), 1 survivors (1024K)
 Metaspace       used 85871K, committed 86336K, reserved 1130496K
  class space    used 11079K, committed 11328K, reserved 1048576K
}
Event: 40.339 GC heap before
{Heap before GC invocations=52 (full 0):
 garbage-first heap   total 150528K, used 123214K [0x0000000081e00000, 0x0000000100000000)
  region size 1024K, 54 young (55296K), 1 survivors (1024K)
 Metaspace       used 90294K, committed 90816K, reserved 1130496K
  class space    used 11591K, committed 11840K, reserved 1048576K
}
Event: 40.344 GC heap after
{Heap after GC invocations=53 (full 0):
 garbage-first heap   total 150528K, used 70879K [0x0000000081e00000, 0x0000000100000000)
  region size 1024K, 2 young (2048K), 2 survivors (2048K)
 Metaspace       used 90294K, committed 90816K, reserved 1130496K
  class space    used 11591K, committed 11840K, reserved 1048576K
}
Event: 49.074 GC heap before
{Heap before GC invocations=54 (full 0):
 garbage-first heap   total 150528K, used 125151K [0x0000000081e00000, 0x0000000100000000)
  region size 1024K, 55 young (56320K), 2 survivors (2048K)
 Metaspace       used 93356K, committed 93888K, reserved 1138688K
  class space    used 11868K, committed 12160K, reserved 1048576K
}
Event: 49.079 GC heap after
{Heap after GC invocations=55 (full 0):
 garbage-first heap   total 150528K, used 72299K [0x0000000081e00000, 0x0000000100000000)
  region size 1024K, 3 young (3072K), 3 survivors (3072K)
 Metaspace       used 93356K, committed 93888K, reserved 1138688K
  class space    used 11868K, committed 12160K, reserved 1048576K
}
Event: 49.195 GC heap before
{Heap before GC invocations=55 (full 0):
 garbage-first heap   total 150528K, used 76395K [0x0000000081e00000, 0x0000000100000000)
  region size 1024K, 7 young (7168K), 3 survivors (3072K)
 Metaspace       used 93665K, committed 94208K, reserved 1138688K
  class space    used 11911K, committed 12160K, reserved 1048576K
}
Event: 49.201 GC heap after
{Heap after GC invocations=56 (full 0):
 garbage-first heap   total 150528K, used 71126K [0x0000000081e00000, 0x0000000100000000)
  region size 1024K, 1 young (1024K), 1 survivors (1024K)
 Metaspace       used 93665K, committed 94208K, reserved 1138688K
  class space    used 11911K, committed 12160K, reserved 1048576K
}
Event: 50.257 GC heap before
{Heap before GC invocations=56 (full 0):
 garbage-first heap   total 150528K, used 126422K [0x0000000081e00000, 0x0000000100000000)
  region size 1024K, 55 young (56320K), 1 survivors (1024K)
 Metaspace       used 97813K, committed 98368K, reserved 1138688K
  class space    used 12403K, committed 12672K, reserved 1048576K
}
Event: 50.262 GC heap after
{Heap after GC invocations=57 (full 0):
 garbage-first heap   total 181248K, used 72567K [0x0000000081e00000, 0x0000000100000000)
  region size 1024K, 2 young (2048K), 2 survivors (2048K)
 Metaspace       used 97813K, committed 98368K, reserved 1138688K
  class space    used 12403K, committed 12672K, reserved 1048576K
}

